<?xml version="1.0" encoding="UTF-8"?>
<!-- Generated by org.testng.reporters.JUnitXMLReporter -->
<testsuite hostname="SWR-LAP125" ignored="1" name="Default test" tests="1" failures="0" timestamp="20 Nov 2017 18:40:02 GMT" time="57.802" errors="0">
  <testcase name="givenIm_WHLightUser_ILogin_And_MakeAReview_ThenValidateItPosted" time="56.593" classname="WallettHubTest.InsuranceCompanyPageTest"/>
  <testcase name="givenIm_WHLightUser_WhenIGo_ToInsurancePage_IHoverOverRatiingStars" time="0.0" classname="WallettHubTest.InsuranceCompanyPageTest">
    <ignored/>
  </testcase> <!-- givenIm_WHLightUser_WhenIGo_ToInsurancePage_IHoverOverRatiingStars -->
</testsuite> <!-- Default test -->
