<?xml version="1.0" encoding="UTF-8"?>
<testng-results skipped="0" failed="0" ignored="1" total="2" passed="1">
  <reporter-output>
  </reporter-output>
  <suite name="Default suite" duration-ms="57802" started-at="2017-11-20T18:39:04Z" finished-at="2017-11-20T18:40:02Z">
    <groups>
    </groups>
    <test name="Default test" duration-ms="57802" started-at="2017-11-20T18:39:04Z" finished-at="2017-11-20T18:40:02Z">
      <class name="WallettHubTest.InsuranceCompanyPageTest">
        <test-method status="PASS" signature="givenIm_WHLightUser_ILogin_And_MakeAReview_ThenValidateItPosted(java.lang.String)[pri:0, instance:WallettHubTest.InsuranceCompanyPageTest@1753acfe]" name="givenIm_WHLightUser_ILogin_And_MakeAReview_ThenValidateItPosted" duration-ms="56593" started-at="2017-11-20T13:39:04Z" finished-at="2017-11-20T13:40:01Z">
          <params>
            <param index="0">
              <value>
                <![CDATA[chrome]]>
              </value>
            </param>
          </params>
          <reporter-output>
          </reporter-output>
        </test-method> <!-- givenIm_WHLightUser_ILogin_And_MakeAReview_ThenValidateItPosted -->
        <test-method status="PASS" signature="tearDown()[pri:0, instance:WallettHubTest.InsuranceCompanyPageTest@1753acfe]" name="tearDown" is-config="true" duration-ms="1184" started-at="2017-11-20T13:40:01Z" finished-at="2017-11-20T13:40:02Z">
          <reporter-output>
          </reporter-output>
        </test-method> <!-- tearDown -->
        <test-method status="PASS" signature="tearDown()[pri:0, instance:WallettHubTest.InsuranceCompanyPageTest@1753acfe]" name="tearDown" is-config="true" duration-ms="1" started-at="2017-11-20T13:40:02Z" finished-at="2017-11-20T13:40:02Z">
          <reporter-output>
          </reporter-output>
        </test-method> <!-- tearDown -->
      </class> <!-- WallettHubTest.InsuranceCompanyPageTest -->
    </test> <!-- Default test -->
  </suite> <!-- Default suite -->
</testng-results>
